{"time":"2021-09-14T12:49:40.512Z","method":"GET","path":"/todo"}
{"time":"2021-09-14T12:49:41.711Z","method":"GET","path":"/todo"}
{"time":"2021-09-14T12:49:50.770Z","method":"GET","path":"/todo"}
{"time":"2021-09-14T12:49:56.497Z","method":"GET","path":"/todo"}
{"time":"2021-09-14T12:50:04.596Z","method":"POST","path":"/todo"}
{"time":"2021-09-14T12:50:07.010Z","method":"POST","path":"/todo"}
{"time":"2021-09-14T12:50:09.298Z","method":"GET","path":"/todo"}
{"time":"2021-09-14T12:50:10.912Z","method":"DELETE","path":"/todo"}
{"time":"2021-09-14T12:50:13.245Z","method":"GET","path":"/todo"}
{"time":"2021-09-14T12:50:13.701Z","method":"GET","path":"/todo"}
{"time":"2021-09-14T12:50:13.858Z","method":"GET","path":"/todo"}
{"time":"2021-09-14T12:50:14.000Z","method":"GET","path":"/todo"}
{"time":"2021-09-14T12:52:11.698Z","method":"GET","path":"/todo"}
{"time":"2021-09-14T12:54:50.704Z","method":"GET","path":"/todo"}
{"time":"2021-09-14T12:58:30.347Z","method":"GET","path":"/todo"}
{"time":"2021-09-14T12:58:34.633Z","method":"POST","path":"/todo"}
{"time":"2021-09-14T12:58:52.036Z","method":"GET","path":"/todo"}
{"time":"2021-09-14T12:59:21.756Z","method":"GET","path":"/todo"}
{"time":"2021-09-14T12:59:25.811Z","method":"POST","path":"/todo"}
{"time":"2021-09-14T12:59:52.764Z","method":"GET","path":"/todo"}
{"time":"2021-09-14T12:59:55.097Z","method":"POST","path":"/todo"}
{"time":"2021-09-14T13:00:22.756Z","method":"GET","path":"/todo"}
{"time":"2021-09-14T13:00:25.016Z","method":"DELETE","path":"/todo"}
{"time":"2021-09-14T13:00:25.821Z","method":"DELETE","path":"/todo"}
{"time":"2021-09-14T13:00:26.353Z","method":"DELETE","path":"/todo"}
{"time":"2021-09-14T13:00:29.483Z","method":"POST","path":"/todo"}
{"time":"2021-09-14T13:00:47.369Z","method":"GET","path":"/todo"}
{"time":"2021-09-14T13:00:50.059Z","method":"POST","path":"/todo"}
{"time":"2021-09-14T13:00:54.136Z","method":"POST","path":"/todo"}
{"time":"2021-09-14T13:00:55.669Z","method":"DELETE","path":"/todo"}
{"time":"2021-09-14T13:00:56.231Z","method":"DELETE","path":"/todo"}
{"time":"2021-09-14T13:00:56.649Z","method":"DELETE","path":"/todo"}
{"time":"2021-09-14T13:00:56.974Z","method":"DELETE","path":"/todo"}
{"time":"2021-09-14T13:01:48.022Z","method":"GET","path":"/todo"}
{"time":"2021-09-14T13:01:49.624Z","method":"GET","path":"/todo"}
{"time":"2021-09-14T13:01:51.090Z","method":"GET","path":"/todo"}
{"time":"2021-09-14T13:01:51.991Z","method":"GET","path":"/todo"}
{"time":"2021-09-14T13:01:53.697Z","method":"GET","path":"/todo"}
{"time":"2021-09-14T13:01:56.234Z","method":"GET","path":"/todo"}
{"time":"2021-09-14T13:01:57.021Z","method":"GET","path":"/todo"}
{"time":"2021-09-14T13:02:00.529Z","method":"POST","path":"/todo"}
{"time":"2021-09-14T13:02:05.047Z","method":"POST","path":"/todo"}
{"time":"2021-09-14T13:02:07.558Z","method":"DELETE","path":"/todo"}
{"time":"2021-09-14T13:02:08.088Z","method":"DELETE","path":"/todo"}
{"time":"2021-09-14T13:02:10.033Z","method":"GET","path":"/todo"}
{"time":"2021-09-14T13:02:10.871Z","method":"GET","path":"/todo"}
{"time":"2021-09-14T13:02:11.354Z","method":"GET","path":"/todo"}
{"time":"2021-09-14T13:02:11.814Z","method":"GET","path":"/todo"}
{"time":"2021-09-14T13:02:12.740Z","method":"GET","path":"/todo"}
{"time":"2021-09-14T13:02:13.576Z","method":"GET","path":"/todo"}
{"time":"2021-09-14T13:02:14.121Z","method":"GET","path":"/todo"}
{"time":"2021-09-14T13:02:40.546Z","method":"GET","path":"/todo"}
{"time":"2021-09-14T13:02:45.576Z","method":"POST","path":"/todo"}
{"time":"2021-09-14T13:02:48.888Z","method":"GET","path":"/todo"}
{"time":"2021-09-14T13:02:50.302Z","method":"DELETE","path":"/todo"}
{"time":"2021-09-14T13:02:51.981Z","method":"GET","path":"/todo"}
{"time":"2021-09-14T13:02:55.124Z","method":"GET","path":"/todo"}
{"time":"2021-09-14T13:02:56.862Z","method":"POST","path":"/todo"}
{"time":"2021-09-14T13:02:59.420Z","method":"POST","path":"/todo"}
{"time":"2021-09-14T13:03:02.291Z","method":"POST","path":"/todo"}
{"time":"2021-09-14T13:03:23.787Z","method":"GET","path":"/todo"}
{"time":"2021-09-14T13:03:25.419Z","method":"DELETE","path":"/todo"}
{"time":"2021-09-14T13:03:25.575Z","method":"DELETE","path":"/todo"}
{"time":"2021-09-14T13:03:25.737Z","method":"DELETE","path":"/todo"}
{"time":"2021-09-14T13:03:58.922Z","method":"GET","path":"/todo"}
{"time":"2021-09-14T13:04:13.971Z","method":"POST","path":"/todo"}
{"time":"2021-09-14T13:04:17.649Z","method":"POST","path":"/todo"}
{"time":"2021-09-14T13:04:23.153Z","method":"GET","path":"/todo"}
{"time":"2021-09-14T13:04:24.378Z","method":"DELETE","path":"/todo"}
{"time":"2021-09-14T13:04:24.828Z","method":"DELETE","path":"/todo"}
{"time":"2021-09-15T15:36:42.403Z","method":"GET","path":"/"}
{"time":"2021-09-15T15:36:45.619Z","method":"GET","path":"/ping"}
{"time":"2021-09-15T15:36:49.216Z","method":"GET","path":"/todo"}
{"time":"2021-09-15T15:37:14.819Z","method":"GET","path":"/todo"}
{"time":"2021-09-15T15:37:22.946Z","method":"GET","path":"/todo"}
{"time":"2021-09-15T15:43:33.686Z","method":"GET","path":"/todo"}
{"time":"2021-09-15T15:43:33.830Z","method":"GET","path":"/favicon.ico"}
{"time":"2021-09-15T15:44:15.352Z","method":"GET","path":"/todo"}
{"time":"2021-09-15T15:44:21.505Z","method":"GET","path":"/todo"}
{"time":"2021-09-15T15:44:22.531Z","method":"GET","path":"/todo"}
{"time":"2021-09-15T15:44:22.713Z","method":"GET","path":"/todo"}
{"time":"2021-09-15T15:44:22.869Z","method":"GET","path":"/todo"}
{"time":"2021-09-20T12:13:21.534Z","method":"GET","path":"/todo"}
{"time":"2021-09-20T12:16:20.543Z","method":"GET","path":"/todo"}
{"time":"2021-09-20T12:16:21.317Z","method":"GET","path":"/todo"}
